The system is: Linux - 4.15.0-42-generic - x86_64
Compiling the C compiler identification source file "CMakeCCompilerId.c" succeeded.
Compiler: /usr/bin/cc 
Build flags: 
Id flags: 

The output was:
0


Compilation of the C compiler identification source "CMakeCCompilerId.c" produced "a.out"

The C compiler identification is GNU, found in "/home/liu/Software/mrpt/mrpt/build/CMakeFiles/3.5.2/CompilerIdC/a.out"

Compiling the CXX compiler identification source file "CMakeCXXCompilerId.cpp" succeeded.
Compiler: /usr/bin/c++ 
Build flags: 
Id flags: 

The output was:
0


Compilation of the CXX compiler identification source "CMakeCXXCompilerId.cpp" produced "a.out"

The CXX compiler identification is GNU, found in "/home/liu/Software/mrpt/mrpt/build/CMakeFiles/3.5.2/CompilerIdCXX/a.out"

Determining if the C compiler works passed with the following output:
Change Dir: /home/liu/Software/mrpt/mrpt/build/CMakeFiles/CMakeTmp

Run Build Command:"/usr/bin/make" "cmTC_2e178/fast"
/usr/bin/make -f CMakeFiles/cmTC_2e178.dir/build.make CMakeFiles/cmTC_2e178.dir/build
make[1]: Entering directory '/home/liu/Software/mrpt/mrpt/build/CMakeFiles/CMakeTmp'
Building C object CMakeFiles/cmTC_2e178.dir/testCCompiler.c.o
/usr/bin/cc     -o CMakeFiles/cmTC_2e178.dir/testCCompiler.c.o   -c /home/liu/Software/mrpt/mrpt/build/CMakeFiles/CMakeTmp/testCCompiler.c
Linking C executable cmTC_2e178
/usr/bin/cmake -E cmake_link_script CMakeFiles/cmTC_2e178.dir/link.txt --verbose=1
/usr/bin/cc       CMakeFiles/cmTC_2e178.dir/testCCompiler.c.o  -o cmTC_2e178 -rdynamic 
make[1]: Leaving directory '/home/liu/Software/mrpt/mrpt/build/CMakeFiles/CMakeTmp'


Detecting C compiler ABI info compiled with the following output:
Change Dir: /home/liu/Software/mrpt/mrpt/build/CMakeFiles/CMakeTmp

Run Build Command:"/usr/bin/make" "cmTC_3a277/fast"
/usr/bin/make -f CMakeFiles/cmTC_3a277.dir/build.make CMakeFiles/cmTC_3a277.dir/build
make[1]: Entering directory '/home/liu/Software/mrpt/mrpt/build/CMakeFiles/CMakeTmp'
Building C object CMakeFiles/cmTC_3a277.dir/CMakeCCompilerABI.c.o
/usr/bin/cc     -o CMakeFiles/cmTC_3a277.dir/CMakeCCompilerABI.c.o   -c /usr/share/cmake-3.5/Modules/CMakeCCompilerABI.c
Linking C executable cmTC_3a277
/usr/bin/cmake -E cmake_link_script CMakeFiles/cmTC_3a277.dir/link.txt --verbose=1
/usr/bin/cc      -v CMakeFiles/cmTC_3a277.dir/CMakeCCompilerABI.c.o  -o cmTC_3a277 -rdynamic  
Using built-in specs.
COLLECT_GCC=/usr/bin/cc
COLLECT_LTO_WRAPPER=/usr/lib/gcc/x86_64-linux-gnu/5/lto-wrapper
Target: x86_64-linux-gnu
Configured with: ../src/configure -v --with-pkgversion='Ubuntu 5.5.0-12ubuntu1~16.04' --with-bugurl=file:///usr/share/doc/gcc-5/README.Bugs --enable-languages=c,ada,c++,java,go,d,fortran,objc,obj-c++ --prefix=/usr --program-suffix=-5 --enable-shared --enable-linker-build-id --libexecdir=/usr/lib --without-included-gettext --enable-threads=posix --libdir=/usr/lib --enable-nls --with-sysroot=/ --enable-clocale=gnu --enable-libstdcxx-debug --enable-libstdcxx-time=yes --with-default-libstdcxx-abi=new --enable-gnu-unique-object --disable-vtable-verify --enable-libmpx --enable-plugin --with-system-zlib --disable-browser-plugin --enable-java-awt=gtk --enable-gtk-cairo --with-java-home=/usr/lib/jvm/java-1.5.0-gcj-5-amd64/jre --enable-java-home --with-jvm-root-dir=/usr/lib/jvm/java-1.5.0-gcj-5-amd64 --with-jvm-jar-dir=/usr/lib/jvm-exports/java-1.5.0-gcj-5-amd64 --with-arch-directory=amd64 --with-ecj-jar=/usr/share/java/eclipse-ecj.jar --enable-objc-gc --enable-multiarch --disable-werror --with-arch-32=i686 --with-abi=m64 --with-multilib-list=m32,m64,mx32 --enable-multilib --with-tune=generic --enable-checking=release --build=x86_64-linux-gnu --host=x86_64-linux-gnu --target=x86_64-linux-gnu
Thread model: posix
gcc version 5.5.0 20171010 (Ubuntu 5.5.0-12ubuntu1~16.04) 
COMPILER_PATH=/usr/lib/gcc/x86_64-linux-gnu/5/:/usr/lib/gcc/x86_64-linux-gnu/5/:/usr/lib/gcc/x86_64-linux-gnu/:/usr/lib/gcc/x86_64-linux-gnu/5/:/usr/lib/gcc/x86_64-linux-gnu/
LIBRARY_PATH=/usr/lib/gcc/x86_64-linux-gnu/5/:/usr/lib/gcc/x86_64-linux-gnu/5/../../../x86_64-linux-gnu/:/usr/lib/gcc/x86_64-linux-gnu/5/../../../../lib/:/lib/x86_64-linux-gnu/:/lib/../lib/:/usr/lib/x86_64-linux-gnu/:/usr/lib/../lib/:/usr/lib/gcc/x86_64-linux-gnu/5/../../../:/lib/:/usr/lib/
COLLECT_GCC_OPTIONS='-v' '-o' 'cmTC_3a277' '-rdynamic' '-mtune=generic' '-march=x86-64'
 /usr/lib/gcc/x86_64-linux-gnu/5/collect2 -plugin /usr/lib/gcc/x86_64-linux-gnu/5/liblto_plugin.so -plugin-opt=/usr/lib/gcc/x86_64-linux-gnu/5/lto-wrapper -plugin-opt=-fresolution=/tmp/ccqQYBPv.res -plugin-opt=-pass-through=-lgcc -plugin-opt=-pass-through=-lgcc_s -plugin-opt=-pass-through=-lc -plugin-opt=-pass-through=-lgcc -plugin-opt=-pass-through=-lgcc_s --sysroot=/ --build-id --eh-frame-hdr -m elf_x86_64 --hash-style=gnu --as-needed -export-dynamic -dynamic-linker /lib64/ld-linux-x86-64.so.2 -z relro -o cmTC_3a277 /usr/lib/gcc/x86_64-linux-gnu/5/../../../x86_64-linux-gnu/crt1.o /usr/lib/gcc/x86_64-linux-gnu/5/../../../x86_64-linux-gnu/crti.o /usr/lib/gcc/x86_64-linux-gnu/5/crtbegin.o -L/usr/lib/gcc/x86_64-linux-gnu/5 -L/usr/lib/gcc/x86_64-linux-gnu/5/../../../x86_64-linux-gnu -L/usr/lib/gcc/x86_64-linux-gnu/5/../../../../lib -L/lib/x86_64-linux-gnu -L/lib/../lib -L/usr/lib/x86_64-linux-gnu -L/usr/lib/../lib -L/usr/lib/gcc/x86_64-linux-gnu/5/../../.. CMakeFiles/cmTC_3a277.dir/CMakeCCompilerABI.c.o -lgcc --push-state --as-needed -lgcc_s --pop-state -lc -lgcc --push-state --as-needed -lgcc_s --pop-state /usr/lib/gcc/x86_64-linux-gnu/5/crtend.o /usr/lib/gcc/x86_64-linux-gnu/5/../../../x86_64-linux-gnu/crtn.o
make[1]: Leaving directory '/home/liu/Software/mrpt/mrpt/build/CMakeFiles/CMakeTmp'


Parsed C implicit link information from above output:
  link line regex: [^( *|.*[/\])(ld|([^/\]+-)?ld|collect2)[^/\]*( |$)]
  ignore line: [Change Dir: /home/liu/Software/mrpt/mrpt/build/CMakeFiles/CMakeTmp]
  ignore line: []
  ignore line: [Run Build Command:"/usr/bin/make" "cmTC_3a277/fast"]
  ignore line: [/usr/bin/make -f CMakeFiles/cmTC_3a277.dir/build.make CMakeFiles/cmTC_3a277.dir/build]
  ignore line: [make[1]: Entering directory '/home/liu/Software/mrpt/mrpt/build/CMakeFiles/CMakeTmp']
  ignore line: [Building C object CMakeFiles/cmTC_3a277.dir/CMakeCCompilerABI.c.o]
  ignore line: [/usr/bin/cc     -o CMakeFiles/cmTC_3a277.dir/CMakeCCompilerABI.c.o   -c /usr/share/cmake-3.5/Modules/CMakeCCompilerABI.c]
  ignore line: [Linking C executable cmTC_3a277]
  ignore line: [/usr/bin/cmake -E cmake_link_script CMakeFiles/cmTC_3a277.dir/link.txt --verbose=1]
  ignore line: [/usr/bin/cc      -v CMakeFiles/cmTC_3a277.dir/CMakeCCompilerABI.c.o  -o cmTC_3a277 -rdynamic  ]
  ignore line: [Using built-in specs.]
  ignore line: [COLLECT_GCC=/usr/bin/cc]
  ignore line: [COLLECT_LTO_WRAPPER=/usr/lib/gcc/x86_64-linux-gnu/5/lto-wrapper]
  ignore line: [Target: x86_64-linux-gnu]
  ignore line: [Configured with: ../src/configure -v --with-pkgversion='Ubuntu 5.5.0-12ubuntu1~16.04' --with-bugurl=file:///usr/share/doc/gcc-5/README.Bugs --enable-languages=c,ada,c++,java,go,d,fortran,objc,obj-c++ --prefix=/usr --program-suffix=-5 --enable-shared --enable-linker-build-id --libexecdir=/usr/lib --without-included-gettext --enable-threads=posix --libdir=/usr/lib --enable-nls --with-sysroot=/ --enable-clocale=gnu --enable-libstdcxx-debug --enable-libstdcxx-time=yes --with-default-libstdcxx-abi=new --enable-gnu-unique-object --disable-vtable-verify --enable-libmpx --enable-plugin --with-system-zlib --disable-browser-plugin --enable-java-awt=gtk --enable-gtk-cairo --with-java-home=/usr/lib/jvm/java-1.5.0-gcj-5-amd64/jre --enable-java-home --with-jvm-root-dir=/usr/lib/jvm/java-1.5.0-gcj-5-amd64 --with-jvm-jar-dir=/usr/lib/jvm-exports/java-1.5.0-gcj-5-amd64 --with-arch-directory=amd64 --with-ecj-jar=/usr/share/java/eclipse-ecj.jar --enable-objc-gc --enable-multiarch --disable-werror --with-arch-32=i686 --with-abi=m64 --with-multilib-list=m32,m64,mx32 --enable-multilib --with-tune=generic --enable-checking=release --build=x86_64-linux-gnu --host=x86_64-linux-gnu --target=x86_64-linux-gnu]
  ignore line: [Thread model: posix]
  ignore line: [gcc version 5.5.0 20171010 (Ubuntu 5.5.0-12ubuntu1~16.04) ]
  ignore line: [COMPILER_PATH=/usr/lib/gcc/x86_64-linux-gnu/5/:/usr/lib/gcc/x86_64-linux-gnu/5/:/usr/lib/gcc/x86_64-linux-gnu/:/usr/lib/gcc/x86_64-linux-gnu/5/:/usr/lib/gcc/x86_64-linux-gnu/]
  ignore line: [LIBRARY_PATH=/usr/lib/gcc/x86_64-linux-gnu/5/:/usr/lib/gcc/x86_64-linux-gnu/5/../../../x86_64-linux-gnu/:/usr/lib/gcc/x86_64-linux-gnu/5/../../../../lib/:/lib/x86_64-linux-gnu/:/lib/../lib/:/usr/lib/x86_64-linux-gnu/:/usr/lib/../lib/:/usr/lib/gcc/x86_64-linux-gnu/5/../../../:/lib/:/usr/lib/]
  ignore line: [COLLECT_GCC_OPTIONS='-v' '-o' 'cmTC_3a277' '-rdynamic' '-mtune=generic' '-march=x86-64']
  link line: [ /usr/lib/gcc/x86_64-linux-gnu/5/collect2 -plugin /usr/lib/gcc/x86_64-linux-gnu/5/liblto_plugin.so -plugin-opt=/usr/lib/gcc/x86_64-linux-gnu/5/lto-wrapper -plugin-opt=-fresolution=/tmp/ccqQYBPv.res -plugin-opt=-pass-through=-lgcc -plugin-opt=-pass-through=-lgcc_s -plugin-opt=-pass-through=-lc -plugin-opt=-pass-through=-lgcc -plugin-opt=-pass-through=-lgcc_s --sysroot=/ --build-id --eh-frame-hdr -m elf_x86_64 --hash-style=gnu --as-needed -export-dynamic -dynamic-linker /lib64/ld-linux-x86-64.so.2 -z relro -o cmTC_3a277 /usr/lib/gcc/x86_64-linux-gnu/5/../../../x86_64-linux-gnu/crt1.o /usr/lib/gcc/x86_64-linux-gnu/5/../../../x86_64-linux-gnu/crti.o /usr/lib/gcc/x86_64-linux-gnu/5/crtbegin.o -L/usr/lib/gcc/x86_64-linux-gnu/5 -L/usr/lib/gcc/x86_64-linux-gnu/5/../../../x86_64-linux-gnu -L/usr/lib/gcc/x86_64-linux-gnu/5/../../../../lib -L/lib/x86_64-linux-gnu -L/lib/../lib -L/usr/lib/x86_64-linux-gnu -L/usr/lib/../lib -L/usr/lib/gcc/x86_64-linux-gnu/5/../../.. CMakeFiles/cmTC_3a277.dir/CMakeCCompilerABI.c.o -lgcc --push-state --as-needed -lgcc_s --pop-state -lc -lgcc --push-state --as-needed -lgcc_s --pop-state /usr/lib/gcc/x86_64-linux-gnu/5/crtend.o /usr/lib/gcc/x86_64-linux-gnu/5/../../../x86_64-linux-gnu/crtn.o]
    arg [/usr/lib/gcc/x86_64-linux-gnu/5/collect2] ==> ignore
    arg [-plugin] ==> ignore
    arg [/usr/lib/gcc/x86_64-linux-gnu/5/liblto_plugin.so] ==> ignore
    arg [-plugin-opt=/usr/lib/gcc/x86_64-linux-gnu/5/lto-wrapper] ==> ignore
    arg [-plugin-opt=-fresolution=/tmp/ccqQYBPv.res] ==> ignore
    arg [-plugin-opt=-pass-through=-lgcc] ==> ignore
    arg [-plugin-opt=-pass-through=-lgcc_s] ==> ignore
    arg [-plugin-opt=-pass-through=-lc] ==> ignore
    arg [-plugin-opt=-pass-through=-lgcc] ==> ignore
    arg [-plugin-opt=-pass-through=-lgcc_s] ==> ignore
    arg [--sysroot=/] ==> ignore
    arg [--build-id] ==> ignore
    arg [--eh-frame-hdr] ==> ignore
    arg [-m] ==> ignore
    arg [elf_x86_64] ==> ignore
    arg [--hash-style=gnu] ==> ignore
    arg [--as-needed] ==> ignore
    arg [-export-dynamic] ==> ignore
    arg [-dynamic-linker] ==> ignore
    arg [/lib64/ld-linux-x86-64.so.2] ==> ignore
    arg [-zrelro] ==> ignore
    arg [-o] ==> ignore
    arg [cmTC_3a277] ==> ignore
    arg [/usr/lib/gcc/x86_64-linux-gnu/5/../../../x86_64-linux-gnu/crt1.o] ==> ignore
    arg [/usr/lib/gcc/x86_64-linux-gnu/5/../../../x86_64-linux-gnu/crti.o] ==> ignore
    arg [/usr/lib/gcc/x86_64-linux-gnu/5/crtbegin.o] ==> ignore
    arg [-L/usr/lib/gcc/x86_64-linux-gnu/5] ==> dir [/usr/lib/gcc/x86_64-linux-gnu/5]
    arg [-L/usr/lib/gcc/x86_64-linux-gnu/5/../../../x86_64-linux-gnu] ==> dir [/usr/lib/gcc/x86_64-linux-gnu/5/../../../x86_64-linux-gnu]
    arg [-L/usr/lib/gcc/x86_64-linux-gnu/5/../../../../lib] ==> dir [/usr/lib/gcc/x86_64-linux-gnu/5/../../../../lib]
    arg [-L/lib/x86_64-linux-gnu] ==> dir [/lib/x86_64-linux-gnu]
    arg [-L/lib/../lib] ==> dir [/lib/../lib]
    arg [-L/usr/lib/x86_64-linux-gnu] ==> dir [/usr/lib/x86_64-linux-gnu]
    arg [-L/usr/lib/../lib] ==> dir [/usr/lib/../lib]
    arg [-L/usr/lib/gcc/x86_64-linux-gnu/5/../../..] ==> dir [/usr/lib/gcc/x86_64-linux-gnu/5/../../..]
    arg [CMakeFiles/cmTC_3a277.dir/CMakeCCompilerABI.c.o] ==> ignore
    arg [-lgcc] ==> lib [gcc]
    arg [--push-state] ==> ignore
    arg [--as-needed] ==> ignore
    arg [-lgcc_s] ==> lib [gcc_s]
    arg [--pop-state] ==> ignore
    arg [-lc] ==> lib [c]
    arg [-lgcc] ==> lib [gcc]
    arg [--push-state] ==> ignore
    arg [--as-needed] ==> ignore
    arg [-lgcc_s] ==> lib [gcc_s]
    arg [--pop-state] ==> ignore
    arg [/usr/lib/gcc/x86_64-linux-gnu/5/crtend.o] ==> ignore
    arg [/usr/lib/gcc/x86_64-linux-gnu/5/../../../x86_64-linux-gnu/crtn.o] ==> ignore
  remove lib [gcc]
  remove lib [gcc_s]
  remove lib [gcc]
  remove lib [gcc_s]
  collapse library dir [/usr/lib/gcc/x86_64-linux-gnu/5] ==> [/usr/lib/gcc/x86_64-linux-gnu/5]
  collapse library dir [/usr/lib/gcc/x86_64-linux-gnu/5/../../../x86_64-linux-gnu] ==> [/usr/lib/x86_64-linux-gnu]
  collapse library dir [/usr/lib/gcc/x86_64-linux-gnu/5/../../../../lib] ==> [/usr/lib]
  collapse library dir [/lib/x86_64-linux-gnu] ==> [/lib/x86_64-linux-gnu]
  collapse library dir [/lib/../lib] ==> [/lib]
  collapse library dir [/usr/lib/x86_64-linux-gnu] ==> [/usr/lib/x86_64-linux-gnu]
  collapse library dir [/usr/lib/../lib] ==> [/usr/lib]
  collapse library dir [/usr/lib/gcc/x86_64-linux-gnu/5/../../..] ==> [/usr/lib]
  implicit libs: [c]
  implicit dirs: [/usr/lib/gcc/x86_64-linux-gnu/5;/usr/lib/x86_64-linux-gnu;/usr/lib;/lib/x86_64-linux-gnu;/lib]
  implicit fwks: []




Detecting C [-std=c11] compiler features compiled with the following output:
Change Dir: /home/liu/Software/mrpt/mrpt/build/CMakeFiles/CMakeTmp

Run Build Command:"/usr/bin/make" "cmTC_384f1/fast"
/usr/bin/make -f CMakeFiles/cmTC_384f1.dir/build.make CMakeFiles/cmTC_384f1.dir/build
make[1]: Entering directory '/home/liu/Software/mrpt/mrpt/build/CMakeFiles/CMakeTmp'
Building C object CMakeFiles/cmTC_384f1.dir/feature_tests.c.o
/usr/bin/cc    -std=c11 -o CMakeFiles/cmTC_384f1.dir/feature_tests.c.o   -c /home/liu/Software/mrpt/mrpt/build/CMakeFiles/feature_tests.c
Linking C executable cmTC_384f1
/usr/bin/cmake -E cmake_link_script CMakeFiles/cmTC_384f1.dir/link.txt --verbose=1
/usr/bin/cc       CMakeFiles/cmTC_384f1.dir/feature_tests.c.o  -o cmTC_384f1 -rdynamic 
make[1]: Leaving directory '/home/liu/Software/mrpt/mrpt/build/CMakeFiles/CMakeTmp'


    Feature record: C_FEATURE:1c_function_prototypes
    Feature record: C_FEATURE:1c_restrict
    Feature record: C_FEATURE:1c_static_assert
    Feature record: C_FEATURE:1c_variadic_macros


Detecting C [-std=c99] compiler features compiled with the following output:
Change Dir: /home/liu/Software/mrpt/mrpt/build/CMakeFiles/CMakeTmp

Run Build Command:"/usr/bin/make" "cmTC_8b59c/fast"
/usr/bin/make -f CMakeFiles/cmTC_8b59c.dir/build.make CMakeFiles/cmTC_8b59c.dir/build
make[1]: Entering directory '/home/liu/Software/mrpt/mrpt/build/CMakeFiles/CMakeTmp'
Building C object CMakeFiles/cmTC_8b59c.dir/feature_tests.c.o
/usr/bin/cc    -std=c99 -o CMakeFiles/cmTC_8b59c.dir/feature_tests.c.o   -c /home/liu/Software/mrpt/mrpt/build/CMakeFiles/feature_tests.c
Linking C executable cmTC_8b59c
/usr/bin/cmake -E cmake_link_script CMakeFiles/cmTC_8b59c.dir/link.txt --verbose=1
/usr/bin/cc       CMakeFiles/cmTC_8b59c.dir/feature_tests.c.o  -o cmTC_8b59c -rdynamic 
make[1]: Leaving directory '/home/liu/Software/mrpt/mrpt/build/CMakeFiles/CMakeTmp'


    Feature record: C_FEATURE:1c_function_prototypes
    Feature record: C_FEATURE:1c_restrict
    Feature record: C_FEATURE:0c_static_assert
    Feature record: C_FEATURE:1c_variadic_macros


Detecting C [-std=c90] compiler features compiled with the following output:
Change Dir: /home/liu/Software/mrpt/mrpt/build/CMakeFiles/CMakeTmp

Run Build Command:"/usr/bin/make" "cmTC_ff9ea/fast"
/usr/bin/make -f CMakeFiles/cmTC_ff9ea.dir/build.make CMakeFiles/cmTC_ff9ea.dir/build
make[1]: Entering directory '/home/liu/Software/mrpt/mrpt/build/CMakeFiles/CMakeTmp'
Building C object CMakeFiles/cmTC_ff9ea.dir/feature_tests.c.o
/usr/bin/cc    -std=c90 -o CMakeFiles/cmTC_ff9ea.dir/feature_tests.c.o   -c /home/liu/Software/mrpt/mrpt/build/CMakeFiles/feature_tests.c
Linking C executable cmTC_ff9ea
/usr/bin/cmake -E cmake_link_script CMakeFiles/cmTC_ff9ea.dir/link.txt --verbose=1
/usr/bin/cc       CMakeFiles/cmTC_ff9ea.dir/feature_tests.c.o  -o cmTC_ff9ea -rdynamic 
make[1]: Leaving directory '/home/liu/Software/mrpt/mrpt/build/CMakeFiles/CMakeTmp'


    Feature record: C_FEATURE:1c_function_prototypes
    Feature record: C_FEATURE:0c_restrict
    Feature record: C_FEATURE:0c_static_assert
    Feature record: C_FEATURE:0c_variadic_macros
Determining if the CXX compiler works passed with the following output:
Change Dir: /home/liu/Software/mrpt/mrpt/build/CMakeFiles/CMakeTmp

Run Build Command:"/usr/bin/make" "cmTC_27c6f/fast"
/usr/bin/make -f CMakeFiles/cmTC_27c6f.dir/build.make CMakeFiles/cmTC_27c6f.dir/build
make[1]: Entering directory '/home/liu/Software/mrpt/mrpt/build/CMakeFiles/CMakeTmp'
Building CXX object CMakeFiles/cmTC_27c6f.dir/testCXXCompiler.cxx.o
/usr/bin/c++      -o CMakeFiles/cmTC_27c6f.dir/testCXXCompiler.cxx.o -c /home/liu/Software/mrpt/mrpt/build/CMakeFiles/CMakeTmp/testCXXCompiler.cxx
Linking CXX executable cmTC_27c6f
/usr/bin/cmake -E cmake_link_script CMakeFiles/cmTC_27c6f.dir/link.txt --verbose=1
/usr/bin/c++        CMakeFiles/cmTC_27c6f.dir/testCXXCompiler.cxx.o  -o cmTC_27c6f -rdynamic 
make[1]: Leaving directory '/home/liu/Software/mrpt/mrpt/build/CMakeFiles/CMakeTmp'


Detecting CXX compiler ABI info compiled with the following output:
Change Dir: /home/liu/Software/mrpt/mrpt/build/CMakeFiles/CMakeTmp

Run Build Command:"/usr/bin/make" "cmTC_6c46c/fast"
/usr/bin/make -f CMakeFiles/cmTC_6c46c.dir/build.make CMakeFiles/cmTC_6c46c.dir/build
make[1]: Entering directory '/home/liu/Software/mrpt/mrpt/build/CMakeFiles/CMakeTmp'
Building CXX object CMakeFiles/cmTC_6c46c.dir/CMakeCXXCompilerABI.cpp.o
/usr/bin/c++      -o CMakeFiles/cmTC_6c46c.dir/CMakeCXXCompilerABI.cpp.o -c /usr/share/cmake-3.5/Modules/CMakeCXXCompilerABI.cpp
Linking CXX executable cmTC_6c46c
/usr/bin/cmake -E cmake_link_script CMakeFiles/cmTC_6c46c.dir/link.txt --verbose=1
/usr/bin/c++       -v CMakeFiles/cmTC_6c46c.dir/CMakeCXXCompilerABI.cpp.o  -o cmTC_6c46c -rdynamic  
Using built-in specs.
COLLECT_GCC=/usr/bin/c++
COLLECT_LTO_WRAPPER=/usr/lib/gcc/x86_64-linux-gnu/5/lto-wrapper
Target: x86_64-linux-gnu
Configured with: ../src/configure -v --with-pkgversion='Ubuntu 5.5.0-12ubuntu1~16.04' --with-bugurl=file:///usr/share/doc/gcc-5/README.Bugs --enable-languages=c,ada,c++,java,go,d,fortran,objc,obj-c++ --prefix=/usr --program-suffix=-5 --enable-shared --enable-linker-build-id --libexecdir=/usr/lib --without-included-gettext --enable-threads=posix --libdir=/usr/lib --enable-nls --with-sysroot=/ --enable-clocale=gnu --enable-libstdcxx-debug --enable-libstdcxx-time=yes --with-default-libstdcxx-abi=new --enable-gnu-unique-object --disable-vtable-verify --enable-libmpx --enable-plugin --with-system-zlib --disable-browser-plugin --enable-java-awt=gtk --enable-gtk-cairo --with-java-home=/usr/lib/jvm/java-1.5.0-gcj-5-amd64/jre --enable-java-home --with-jvm-root-dir=/usr/lib/jvm/java-1.5.0-gcj-5-amd64 --with-jvm-jar-dir=/usr/lib/jvm-exports/java-1.5.0-gcj-5-amd64 --with-arch-directory=amd64 --with-ecj-jar=/usr/share/java/eclipse-ecj.jar --enable-objc-gc --enable-multiarch --disable-werror --with-arch-32=i686 --with-abi=m64 --with-multilib-list=m32,m64,mx32 --enable-multilib --with-tune=generic --enable-checking=release --build=x86_64-linux-gnu --host=x86_64-linux-gnu --target=x86_64-linux-gnu
Thread model: posix
gcc version 5.5.0 20171010 (Ubuntu 5.5.0-12ubuntu1~16.04) 
COMPILER_PATH=/usr/lib/gcc/x86_64-linux-gnu/5/:/usr/lib/gcc/x86_64-linux-gnu/5/:/usr/lib/gcc/x86_64-linux-gnu/:/usr/lib/gcc/x86_64-linux-gnu/5/:/usr/lib/gcc/x86_64-linux-gnu/
LIBRARY_PATH=/usr/lib/gcc/x86_64-linux-gnu/5/:/usr/lib/gcc/x86_64-linux-gnu/5/../../../x86_64-linux-gnu/:/usr/lib/gcc/x86_64-linux-gnu/5/../../../../lib/:/lib/x86_64-linux-gnu/:/lib/../lib/:/usr/lib/x86_64-linux-gnu/:/usr/lib/../lib/:/usr/lib/gcc/x86_64-linux-gnu/5/../../../:/lib/:/usr/lib/
COLLECT_GCC_OPTIONS='-v' '-o' 'cmTC_6c46c' '-rdynamic' '-shared-libgcc' '-mtune=generic' '-march=x86-64'
 /usr/lib/gcc/x86_64-linux-gnu/5/collect2 -plugin /usr/lib/gcc/x86_64-linux-gnu/5/liblto_plugin.so -plugin-opt=/usr/lib/gcc/x86_64-linux-gnu/5/lto-wrapper -plugin-opt=-fresolution=/tmp/ccuO1NIQ.res -plugin-opt=-pass-through=-lgcc_s -plugin-opt=-pass-through=-lgcc -plugin-opt=-pass-through=-lc -plugin-opt=-pass-through=-lgcc_s -plugin-opt=-pass-through=-lgcc --sysroot=/ --build-id --eh-frame-hdr -m elf_x86_64 --hash-style=gnu --as-needed -export-dynamic -dynamic-linker /lib64/ld-linux-x86-64.so.2 -z relro -o cmTC_6c46c /usr/lib/gcc/x86_64-linux-gnu/5/../../../x86_64-linux-gnu/crt1.o /usr/lib/gcc/x86_64-linux-gnu/5/../../../x86_64-linux-gnu/crti.o /usr/lib/gcc/x86_64-linux-gnu/5/crtbegin.o -L/usr/lib/gcc/x86_64-linux-gnu/5 -L/usr/lib/gcc/x86_64-linux-gnu/5/../../../x86_64-linux-gnu -L/usr/lib/gcc/x86_64-linux-gnu/5/../../../../lib -L/lib/x86_64-linux-gnu -L/lib/../lib -L/usr/lib/x86_64-linux-gnu -L/usr/lib/../lib -L/usr/lib/gcc/x86_64-linux-gnu/5/../../.. CMakeFiles/cmTC_6c46c.dir/CMakeCXXCompilerABI.cpp.o -lstdc++ -lm -lgcc_s -lgcc -lc -lgcc_s -lgcc /usr/lib/gcc/x86_64-linux-gnu/5/crtend.o /usr/lib/gcc/x86_64-linux-gnu/5/../../../x86_64-linux-gnu/crtn.o
make[1]: Leaving directory '/home/liu/Software/mrpt/mrpt/build/CMakeFiles/CMakeTmp'


Parsed CXX implicit link information from above output:
  link line regex: [^( *|.*[/\])(ld|([^/\]+-)?ld|collect2)[^/\]*( |$)]
  ignore line: [Change Dir: /home/liu/Software/mrpt/mrpt/build/CMakeFiles/CMakeTmp]
  ignore line: []
  ignore line: [Run Build Command:"/usr/bin/make" "cmTC_6c46c/fast"]
  ignore line: [/usr/bin/make -f CMakeFiles/cmTC_6c46c.dir/build.make CMakeFiles/cmTC_6c46c.dir/build]
  ignore line: [make[1]: Entering directory '/home/liu/Software/mrpt/mrpt/build/CMakeFiles/CMakeTmp']
  ignore line: [Building CXX object CMakeFiles/cmTC_6c46c.dir/CMakeCXXCompilerABI.cpp.o]
  ignore line: [/usr/bin/c++      -o CMakeFiles/cmTC_6c46c.dir/CMakeCXXCompilerABI.cpp.o -c /usr/share/cmake-3.5/Modules/CMakeCXXCompilerABI.cpp]
  ignore line: [Linking CXX executable cmTC_6c46c]
  ignore line: [/usr/bin/cmake -E cmake_link_script CMakeFiles/cmTC_6c46c.dir/link.txt --verbose=1]
  ignore line: [/usr/bin/c++       -v CMakeFiles/cmTC_6c46c.dir/CMakeCXXCompilerABI.cpp.o  -o cmTC_6c46c -rdynamic  ]
  ignore line: [Using built-in specs.]
  ignore line: [COLLECT_GCC=/usr/bin/c++]
  ignore line: [COLLECT_LTO_WRAPPER=/usr/lib/gcc/x86_64-linux-gnu/5/lto-wrapper]
  ignore line: [Target: x86_64-linux-gnu]
  ignore line: [Configured with: ../src/configure -v --with-pkgversion='Ubuntu 5.5.0-12ubuntu1~16.04' --with-bugurl=file:///usr/share/doc/gcc-5/README.Bugs --enable-languages=c,ada,c++,java,go,d,fortran,objc,obj-c++ --prefix=/usr --program-suffix=-5 --enable-shared --enable-linker-build-id --libexecdir=/usr/lib --without-included-gettext --enable-threads=posix --libdir=/usr/lib --enable-nls --with-sysroot=/ --enable-clocale=gnu --enable-libstdcxx-debug --enable-libstdcxx-time=yes --with-default-libstdcxx-abi=new --enable-gnu-unique-object --disable-vtable-verify --enable-libmpx --enable-plugin --with-system-zlib --disable-browser-plugin --enable-java-awt=gtk --enable-gtk-cairo --with-java-home=/usr/lib/jvm/java-1.5.0-gcj-5-amd64/jre --enable-java-home --with-jvm-root-dir=/usr/lib/jvm/java-1.5.0-gcj-5-amd64 --with-jvm-jar-dir=/usr/lib/jvm-exports/java-1.5.0-gcj-5-amd64 --with-arch-directory=amd64 --with-ecj-jar=/usr/share/java/eclipse-ecj.jar --enable-objc-gc --enable-multiarch --disable-werror --with-arch-32=i686 --with-abi=m64 --with-multilib-list=m32,m64,mx32 --enable-multilib --with-tune=generic --enable-checking=release --build=x86_64-linux-gnu --host=x86_64-linux-gnu --target=x86_64-linux-gnu]
  ignore line: [Thread model: posix]
  ignore line: [gcc version 5.5.0 20171010 (Ubuntu 5.5.0-12ubuntu1~16.04) ]
  ignore line: [COMPILER_PATH=/usr/lib/gcc/x86_64-linux-gnu/5/:/usr/lib/gcc/x86_64-linux-gnu/5/:/usr/lib/gcc/x86_64-linux-gnu/:/usr/lib/gcc/x86_64-linux-gnu/5/:/usr/lib/gcc/x86_64-linux-gnu/]
  ignore line: [LIBRARY_PATH=/usr/lib/gcc/x86_64-linux-gnu/5/:/usr/lib/gcc/x86_64-linux-gnu/5/../../../x86_64-linux-gnu/:/usr/lib/gcc/x86_64-linux-gnu/5/../../../../lib/:/lib/x86_64-linux-gnu/:/lib/../lib/:/usr/lib/x86_64-linux-gnu/:/usr/lib/../lib/:/usr/lib/gcc/x86_64-linux-gnu/5/../../../:/lib/:/usr/lib/]
  ignore line: [COLLECT_GCC_OPTIONS='-v' '-o' 'cmTC_6c46c' '-rdynamic' '-shared-libgcc' '-mtune=generic' '-march=x86-64']
  link line: [ /usr/lib/gcc/x86_64-linux-gnu/5/collect2 -plugin /usr/lib/gcc/x86_64-linux-gnu/5/liblto_plugin.so -plugin-opt=/usr/lib/gcc/x86_64-linux-gnu/5/lto-wrapper -plugin-opt=-fresolution=/tmp/ccuO1NIQ.res -plugin-opt=-pass-through=-lgcc_s -plugin-opt=-pass-through=-lgcc -plugin-opt=-pass-through=-lc -plugin-opt=-pass-through=-lgcc_s -plugin-opt=-pass-through=-lgcc --sysroot=/ --build-id --eh-frame-hdr -m elf_x86_64 --hash-style=gnu --as-needed -export-dynamic -dynamic-linker /lib64/ld-linux-x86-64.so.2 -z relro -o cmTC_6c46c /usr/lib/gcc/x86_64-linux-gnu/5/../../../x86_64-linux-gnu/crt1.o /usr/lib/gcc/x86_64-linux-gnu/5/../../../x86_64-linux-gnu/crti.o /usr/lib/gcc/x86_64-linux-gnu/5/crtbegin.o -L/usr/lib/gcc/x86_64-linux-gnu/5 -L/usr/lib/gcc/x86_64-linux-gnu/5/../../../x86_64-linux-gnu -L/usr/lib/gcc/x86_64-linux-gnu/5/../../../../lib -L/lib/x86_64-linux-gnu -L/lib/../lib -L/usr/lib/x86_64-linux-gnu -L/usr/lib/../lib -L/usr/lib/gcc/x86_64-linux-gnu/5/../../.. CMakeFiles/cmTC_6c46c.dir/CMakeCXXCompilerABI.cpp.o -lstdc++ -lm -lgcc_s -lgcc -lc -lgcc_s -lgcc /usr/lib/gcc/x86_64-linux-gnu/5/crtend.o /usr/lib/gcc/x86_64-linux-gnu/5/../../../x86_64-linux-gnu/crtn.o]
    arg [/usr/lib/gcc/x86_64-linux-gnu/5/collect2] ==> ignore
    arg [-plugin] ==> ignore
    arg [/usr/lib/gcc/x86_64-linux-gnu/5/liblto_plugin.so] ==> ignore
    arg [-plugin-opt=/usr/lib/gcc/x86_64-linux-gnu/5/lto-wrapper] ==> ignore
    arg [-plugin-opt=-fresolution=/tmp/ccuO1NIQ.res] ==> ignore
    arg [-plugin-opt=-pass-through=-lgcc_s] ==> ignore
    arg [-plugin-opt=-pass-through=-lgcc] ==> ignore
    arg [-plugin-opt=-pass-through=-lc] ==> ignore
    arg [-plugin-opt=-pass-through=-lgcc_s] ==> ignore
    arg [-plugin-opt=-pass-through=-lgcc] ==> ignore
    arg [--sysroot=/] ==> ignore
    arg [--build-id] ==> ignore
    arg [--eh-frame-hdr] ==> ignore
    arg [-m] ==> ignore
    arg [elf_x86_64] ==> ignore
    arg [--hash-style=gnu] ==> ignore
    arg [--as-needed] ==> ignore
    arg [-export-dynamic] ==> ignore
    arg [-dynamic-linker] ==> ignore
    arg [/lib64/ld-linux-x86-64.so.2] ==> ignore
    arg [-zrelro] ==> ignore
    arg [-o] ==> ignore
    arg [cmTC_6c46c] ==> ignore
    arg [/usr/lib/gcc/x86_64-linux-gnu/5/../../../x86_64-linux-gnu/crt1.o] ==> ignore
    arg [/usr/lib/gcc/x86_64-linux-gnu/5/../../../x86_64-linux-gnu/crti.o] ==> ignore
    arg [/usr/lib/gcc/x86_64-linux-gnu/5/crtbegin.o] ==> ignore
    arg [-L/usr/lib/gcc/x86_64-linux-gnu/5] ==> dir [/usr/lib/gcc/x86_64-linux-gnu/5]
    arg [-L/usr/lib/gcc/x86_64-linux-gnu/5/../../../x86_64-linux-gnu] ==> dir [/usr/lib/gcc/x86_64-linux-gnu/5/../../../x86_64-linux-gnu]
    arg [-L/usr/lib/gcc/x86_64-linux-gnu/5/../../../../lib] ==> dir [/usr/lib/gcc/x86_64-linux-gnu/5/../../../../lib]
    arg [-L/lib/x86_64-linux-gnu] ==> dir [/lib/x86_64-linux-gnu]
    arg [-L/lib/../lib] ==> dir [/lib/../lib]
    arg [-L/usr/lib/x86_64-linux-gnu] ==> dir [/usr/lib/x86_64-linux-gnu]
    arg [-L/usr/lib/../lib] ==> dir [/usr/lib/../lib]
    arg [-L/usr/lib/gcc/x86_64-linux-gnu/5/../../..] ==> dir [/usr/lib/gcc/x86_64-linux-gnu/5/../../..]
    arg [CMakeFiles/cmTC_6c46c.dir/CMakeCXXCompilerABI.cpp.o] ==> ignore
    arg [-lstdc++] ==> lib [stdc++]
    arg [-lm] ==> lib [m]
    arg [-lgcc_s] ==> lib [gcc_s]
    arg [-lgcc] ==> lib [gcc]
    arg [-lc] ==> lib [c]
    arg [-lgcc_s] ==> lib [gcc_s]
    arg [-lgcc] ==> lib [gcc]
    arg [/usr/lib/gcc/x86_64-linux-gnu/5/crtend.o] ==> ignore
    arg [/usr/lib/gcc/x86_64-linux-gnu/5/../../../x86_64-linux-gnu/crtn.o] ==> ignore
  remove lib [gcc_s]
  remove lib [gcc]
  remove lib [gcc_s]
  remove lib [gcc]
  collapse library dir [/usr/lib/gcc/x86_64-linux-gnu/5] ==> [/usr/lib/gcc/x86_64-linux-gnu/5]
  collapse library dir [/usr/lib/gcc/x86_64-linux-gnu/5/../../../x86_64-linux-gnu] ==> [/usr/lib/x86_64-linux-gnu]
  collapse library dir [/usr/lib/gcc/x86_64-linux-gnu/5/../../../../lib] ==> [/usr/lib]
  collapse library dir [/lib/x86_64-linux-gnu] ==> [/lib/x86_64-linux-gnu]
  collapse library dir [/lib/../lib] ==> [/lib]
  collapse library dir [/usr/lib/x86_64-linux-gnu] ==> [/usr/lib/x86_64-linux-gnu]
  collapse library dir [/usr/lib/../lib] ==> [/usr/lib]
  collapse library dir [/usr/lib/gcc/x86_64-linux-gnu/5/../../..] ==> [/usr/lib]
  implicit libs: [stdc++;m;c]
  implicit dirs: [/usr/lib/gcc/x86_64-linux-gnu/5;/usr/lib/x86_64-linux-gnu;/usr/lib;/lib/x86_64-linux-gnu;/lib]
  implicit fwks: []




Detecting CXX [-std=c++14] compiler features compiled with the following output:
Change Dir: /home/liu/Software/mrpt/mrpt/build/CMakeFiles/CMakeTmp

Run Build Command:"/usr/bin/make" "cmTC_614e5/fast"
/usr/bin/make -f CMakeFiles/cmTC_614e5.dir/build.make CMakeFiles/cmTC_614e5.dir/build
make[1]: Entering directory '/home/liu/Software/mrpt/mrpt/build/CMakeFiles/CMakeTmp'
Building CXX object CMakeFiles/cmTC_614e5.dir/feature_tests.cxx.o
/usr/bin/c++     -std=c++14 -o CMakeFiles/cmTC_614e5.dir/feature_tests.cxx.o -c /home/liu/Software/mrpt/mrpt/build/CMakeFiles/feature_tests.cxx
Linking CXX executable cmTC_614e5
/usr/bin/cmake -E cmake_link_script CMakeFiles/cmTC_614e5.dir/link.txt --verbose=1
/usr/bin/c++        CMakeFiles/cmTC_614e5.dir/feature_tests.cxx.o  -o cmTC_614e5 -rdynamic 
make[1]: Leaving directory '/home/liu/Software/mrpt/mrpt/build/CMakeFiles/CMakeTmp'


    Feature record: CXX_FEATURE:1cxx_aggregate_default_initializers
    Feature record: CXX_FEATURE:1cxx_alias_templates
    Feature record: CXX_FEATURE:1cxx_alignas
    Feature record: CXX_FEATURE:1cxx_alignof
    Feature record: CXX_FEATURE:1cxx_attributes
    Feature record: CXX_FEATURE:1cxx_attribute_deprecated
    Feature record: CXX_FEATURE:1cxx_auto_type
    Feature record: CXX_FEATURE:1cxx_binary_literals
    Feature record: CXX_FEATURE:1cxx_constexpr
    Feature record: CXX_FEATURE:1cxx_contextual_conversions
    Feature record: CXX_FEATURE:1cxx_decltype
    Feature record: CXX_FEATURE:1cxx_decltype_auto
    Feature record: CXX_FEATURE:1cxx_decltype_incomplete_return_types
    Feature record: CXX_FEATURE:1cxx_default_function_template_args
    Feature record: CXX_FEATURE:1cxx_defaulted_functions
    Feature record: CXX_FEATURE:1cxx_defaulted_move_initializers
    Feature record: CXX_FEATURE:1cxx_delegating_constructors
    Feature record: CXX_FEATURE:1cxx_deleted_functions
    Feature record: CXX_FEATURE:1cxx_digit_separators
    Feature record: CXX_FEATURE:1cxx_enum_forward_declarations
    Feature record: CXX_FEATURE:1cxx_explicit_conversions
    Feature record: CXX_FEATURE:1cxx_extended_friend_declarations
    Feature record: CXX_FEATURE:1cxx_extern_templates
    Feature record: CXX_FEATURE:1cxx_final
    Feature record: CXX_FEATURE:1cxx_func_identifier
    Feature record: CXX_FEATURE:1cxx_generalized_initializers
    Feature record: CXX_FEATURE:1cxx_generic_lambdas
    Feature record: CXX_FEATURE:1cxx_inheriting_constructors
    Feature record: CXX_FEATURE:1cxx_inline_namespaces
    Feature record: CXX_FEATURE:1cxx_lambdas
    Feature record: CXX_FEATURE:1cxx_lambda_init_captures
    Feature record: CXX_FEATURE:1cxx_local_type_template_args
    Feature record: CXX_FEATURE:1cxx_long_long_type
    Feature record: CXX_FEATURE:1cxx_noexcept
    Feature record: CXX_FEATURE:1cxx_nonstatic_member_init
    Feature record: CXX_FEATURE:1cxx_nullptr
    Feature record: CXX_FEATURE:1cxx_override
    Feature record: CXX_FEATURE:1cxx_range_for
    Feature record: CXX_FEATURE:1cxx_raw_string_literals
    Feature record: CXX_FEATURE:1cxx_reference_qualified_functions
    Feature record: CXX_FEATURE:1cxx_relaxed_constexpr
    Feature record: CXX_FEATURE:1cxx_return_type_deduction
    Feature record: CXX_FEATURE:1cxx_right_angle_brackets
    Feature record: CXX_FEATURE:1cxx_rvalue_references
    Feature record: CXX_FEATURE:1cxx_sizeof_member
    Feature record: CXX_FEATURE:1cxx_static_assert
    Feature record: CXX_FEATURE:1cxx_strong_enums
    Feature record: CXX_FEATURE:1cxx_template_template_parameters
    Feature record: CXX_FEATURE:1cxx_thread_local
    Feature record: CXX_FEATURE:1cxx_trailing_return_types
    Feature record: CXX_FEATURE:1cxx_unicode_literals
    Feature record: CXX_FEATURE:1cxx_uniform_initialization
    Feature record: CXX_FEATURE:1cxx_unrestricted_unions
    Feature record: CXX_FEATURE:1cxx_user_literals
    Feature record: CXX_FEATURE:1cxx_variable_templates
    Feature record: CXX_FEATURE:1cxx_variadic_macros
    Feature record: CXX_FEATURE:1cxx_variadic_templates


Detecting CXX [-std=c++11] compiler features compiled with the following output:
Change Dir: /home/liu/Software/mrpt/mrpt/build/CMakeFiles/CMakeTmp

Run Build Command:"/usr/bin/make" "cmTC_0e805/fast"
/usr/bin/make -f CMakeFiles/cmTC_0e805.dir/build.make CMakeFiles/cmTC_0e805.dir/build
make[1]: Entering directory '/home/liu/Software/mrpt/mrpt/build/CMakeFiles/CMakeTmp'
Building CXX object CMakeFiles/cmTC_0e805.dir/feature_tests.cxx.o
/usr/bin/c++     -std=c++11 -o CMakeFiles/cmTC_0e805.dir/feature_tests.cxx.o -c /home/liu/Software/mrpt/mrpt/build/CMakeFiles/feature_tests.cxx
Linking CXX executable cmTC_0e805
/usr/bin/cmake -E cmake_link_script CMakeFiles/cmTC_0e805.dir/link.txt --verbose=1
/usr/bin/c++        CMakeFiles/cmTC_0e805.dir/feature_tests.cxx.o  -o cmTC_0e805 -rdynamic 
make[1]: Leaving directory '/home/liu/Software/mrpt/mrpt/build/CMakeFiles/CMakeTmp'


    Feature record: CXX_FEATURE:0cxx_aggregate_default_initializers
    Feature record: CXX_FEATURE:1cxx_alias_templates
    Feature record: CXX_FEATURE:1cxx_alignas
    Feature record: CXX_FEATURE:1cxx_alignof
    Feature record: CXX_FEATURE:1cxx_attributes
    Feature record: CXX_FEATURE:0cxx_attribute_deprecated
    Feature record: CXX_FEATURE:1cxx_auto_type
    Feature record: CXX_FEATURE:0cxx_binary_literals
    Feature record: CXX_FEATURE:1cxx_constexpr
    Feature record: CXX_FEATURE:0cxx_contextual_conversions
    Feature record: CXX_FEATURE:1cxx_decltype
    Feature record: CXX_FEATURE:0cxx_decltype_auto
    Feature record: CXX_FEATURE:1cxx_decltype_incomplete_return_types
    Feature record: CXX_FEATURE:1cxx_default_function_template_args
    Feature record: CXX_FEATURE:1cxx_defaulted_functions
    Feature record: CXX_FEATURE:1cxx_defaulted_move_initializers
    Feature record: CXX_FEATURE:1cxx_delegating_constructors
    Feature record: CXX_FEATURE:1cxx_deleted_functions
    Feature record: CXX_FEATURE:0cxx_digit_separators
    Feature record: CXX_FEATURE:1cxx_enum_forward_declarations
    Feature record: CXX_FEATURE:1cxx_explicit_conversions
    Feature record: CXX_FEATURE:1cxx_extended_friend_declarations
    Feature record: CXX_FEATURE:1cxx_extern_templates
    Feature record: CXX_FEATURE:1cxx_final
    Feature record: CXX_FEATURE:1cxx_func_identifier
    Feature record: CXX_FEATURE:1cxx_generalized_initializers
    Feature record: CXX_FEATURE:0cxx_generic_lambdas
    Feature record: CXX_FEATURE:1cxx_inheriting_constructors
    Feature record: CXX_FEATURE:1cxx_inline_namespaces
    Feature record: CXX_FEATURE:1cxx_lambdas
    Feature record: CXX_FEATURE:0cxx_lambda_init_captures
    Feature record: CXX_FEATURE:1cxx_local_type_template_args
    Feature record: CXX_FEATURE:1cxx_long_long_type
    Feature record: CXX_FEATURE:1cxx_noexcept
    Feature record: CXX_FEATURE:1cxx_nonstatic_member_init
    Feature record: CXX_FEATURE:1cxx_nullptr
    Feature record: CXX_FEATURE:1cxx_override
    Feature record: CXX_FEATURE:1cxx_range_for
    Feature record: CXX_FEATURE:1cxx_raw_string_literals
    Feature record: CXX_FEATURE:1cxx_reference_qualified_functions
    Feature record: CXX_FEATURE:0cxx_relaxed_constexpr
    Feature record: CXX_FEATURE:0cxx_return_type_deduction
    Feature record: CXX_FEATURE:1cxx_right_angle_brackets
    Feature record: CXX_FEATURE:1cxx_rvalue_references
    Feature record: CXX_FEATURE:1cxx_sizeof_member
    Feature record: CXX_FEATURE:1cxx_static_assert
    Feature record: CXX_FEATURE:1cxx_strong_enums
    Feature record: CXX_FEATURE:1cxx_template_template_parameters
    Feature record: CXX_FEATURE:1cxx_thread_local
    Feature record: CXX_FEATURE:1cxx_trailing_return_types
    Feature record: CXX_FEATURE:1cxx_unicode_literals
    Feature record: CXX_FEATURE:1cxx_uniform_initialization
    Feature record: CXX_FEATURE:1cxx_unrestricted_unions
    Feature record: CXX_FEATURE:1cxx_user_literals
    Feature record: CXX_FEATURE:0cxx_variable_templates
    Feature record: CXX_FEATURE:1cxx_variadic_macros
    Feature record: CXX_FEATURE:1cxx_variadic_templates


Detecting CXX [-std=c++98] compiler features compiled with the following output:
Change Dir: /home/liu/Software/mrpt/mrpt/build/CMakeFiles/CMakeTmp

Run Build Command:"/usr/bin/make" "cmTC_27d28/fast"
/usr/bin/make -f CMakeFiles/cmTC_27d28.dir/build.make CMakeFiles/cmTC_27d28.dir/build
make[1]: Entering directory '/home/liu/Software/mrpt/mrpt/build/CMakeFiles/CMakeTmp'
Building CXX object CMakeFiles/cmTC_27d28.dir/feature_tests.cxx.o
/usr/bin/c++     -std=c++98 -o CMakeFiles/cmTC_27d28.dir/feature_tests.cxx.o -c /home/liu/Software/mrpt/mrpt/build/CMakeFiles/feature_tests.cxx
Linking CXX executable cmTC_27d28
/usr/bin/cmake -E cmake_link_script CMakeFiles/cmTC_27d28.dir/link.txt --verbose=1
/usr/bin/c++        CMakeFiles/cmTC_27d28.dir/feature_tests.cxx.o  -o cmTC_27d28 -rdynamic 
make[1]: Leaving directory '/home/liu/Software/mrpt/mrpt/build/CMakeFiles/CMakeTmp'


    Feature record: CXX_FEATURE:0cxx_aggregate_default_initializers
    Feature record: CXX_FEATURE:0cxx_alias_templates
    Feature record: CXX_FEATURE:0cxx_alignas
    Feature record: CXX_FEATURE:0cxx_alignof
    Feature record: CXX_FEATURE:0cxx_attributes
    Feature record: CXX_FEATURE:0cxx_attribute_deprecated
    Feature record: CXX_FEATURE:0cxx_auto_type
    Feature record: CXX_FEATURE:0cxx_binary_literals
    Feature record: CXX_FEATURE:0cxx_constexpr
    Feature record: CXX_FEATURE:0cxx_contextual_conversions
    Feature record: CXX_FEATURE:0cxx_decltype
    Feature record: CXX_FEATURE:0cxx_decltype_auto
    Feature record: CXX_FEATURE:0cxx_decltype_incomplete_return_types
    Feature record: CXX_FEATURE:0cxx_default_function_template_args
    Feature record: CXX_FEATURE:0cxx_defaulted_functions
    Feature record: CXX_FEATURE:0cxx_defaulted_move_initializers
    Feature record: CXX_FEATURE:0cxx_delegating_constructors
    Feature record: CXX_FEATURE:0cxx_deleted_functions
    Feature record: CXX_FEATURE:0cxx_digit_separators
    Feature record: CXX_FEATURE:0cxx_enum_forward_declarations
    Feature record: CXX_FEATURE:0cxx_explicit_conversions
    Feature record: CXX_FEATURE:0cxx_extended_friend_declarations
    Feature record: CXX_FEATURE:0cxx_extern_templates
    Feature record: CXX_FEATURE:0cxx_final
    Feature record: CXX_FEATURE:0cxx_func_identifier
    Feature record: CXX_FEATURE:0cxx_generalized_initializers
    Feature record: CXX_FEATURE:0cxx_generic_lambdas
    Feature record: CXX_FEATURE:0cxx_inheriting_constructors
    Feature record: CXX_FEATURE:0cxx_inline_namespaces
    Feature record: CXX_FEATURE:0cxx_lambdas
    Feature record: CXX_FEATURE:0cxx_lambda_init_captures
    Feature record: CXX_FEATURE:0cxx_local_type_template_args
    Feature record: CXX_FEATURE:0cxx_long_long_type
    Feature record: CXX_FEATURE:0cxx_noexcept
    Feature record: CXX_FEATURE:0cxx_nonstatic_member_init
    Feature record: CXX_FEATURE:0cxx_nullptr
    Feature record: CXX_FEATURE:0cxx_override
    Feature record: CXX_FEATURE:0cxx_range_for
    Feature record: CXX_FEATURE:0cxx_raw_string_literals
    Feature record: CXX_FEATURE:0cxx_reference_qualified_functions
    Feature record: CXX_FEATURE:0cxx_relaxed_constexpr
    Feature record: CXX_FEATURE:0cxx_return_type_deduction
    Feature record: CXX_FEATURE:0cxx_right_angle_brackets
    Feature record: CXX_FEATURE:0cxx_rvalue_references
    Feature record: CXX_FEATURE:0cxx_sizeof_member
    Feature record: CXX_FEATURE:0cxx_static_assert
    Feature record: CXX_FEATURE:0cxx_strong_enums
    Feature record: CXX_FEATURE:1cxx_template_template_parameters
    Feature record: CXX_FEATURE:0cxx_thread_local
    Feature record: CXX_FEATURE:0cxx_trailing_return_types
    Feature record: CXX_FEATURE:0cxx_unicode_literals
    Feature record: CXX_FEATURE:0cxx_uniform_initialization
    Feature record: CXX_FEATURE:0cxx_unrestricted_unions
    Feature record: CXX_FEATURE:0cxx_user_literals
    Feature record: CXX_FEATURE:0cxx_variable_templates
    Feature record: CXX_FEATURE:0cxx_variadic_macros
    Feature record: CXX_FEATURE:0cxx_variadic_templates
Determining if the function timegm exists passed with the following output:
Change Dir: /home/liu/Software/mrpt/mrpt/build/CMakeFiles/CMakeTmp

Run Build Command:"/usr/bin/make" "cmTC_846fb/fast"
/usr/bin/make -f CMakeFiles/cmTC_846fb.dir/build.make CMakeFiles/cmTC_846fb.dir/build
make[1]: Entering directory '/home/liu/Software/mrpt/mrpt/build/CMakeFiles/CMakeTmp'
Building C object CMakeFiles/cmTC_846fb.dir/CheckFunctionExists.c.o
/usr/bin/cc   -I/home/liu/Software/mrpt/mrpt/build/CMakeFiles/CMakeTmp/math.h  -DCHECK_FUNCTION_EXISTS=timegm   -o CMakeFiles/cmTC_846fb.dir/CheckFunctionExists.c.o   -c /usr/share/cmake-3.5/Modules/CheckFunctionExists.c
Linking C executable cmTC_846fb
/usr/bin/cmake -E cmake_link_script CMakeFiles/cmTC_846fb.dir/link.txt --verbose=1
/usr/bin/cc   -DCHECK_FUNCTION_EXISTS=timegm    CMakeFiles/cmTC_846fb.dir/CheckFunctionExists.c.o  -o cmTC_846fb -rdynamic -lm 
make[1]: Leaving directory '/home/liu/Software/mrpt/mrpt/build/CMakeFiles/CMakeTmp'


Determining if the function sincos exists passed with the following output:
Change Dir: /home/liu/Software/mrpt/mrpt/build/CMakeFiles/CMakeTmp

Run Build Command:"/usr/bin/make" "cmTC_16053/fast"
/usr/bin/make -f CMakeFiles/cmTC_16053.dir/build.make CMakeFiles/cmTC_16053.dir/build
make[1]: Entering directory '/home/liu/Software/mrpt/mrpt/build/CMakeFiles/CMakeTmp'
Building C object CMakeFiles/cmTC_16053.dir/CheckFunctionExists.c.o
/usr/bin/cc   -I/home/liu/Software/mrpt/mrpt/build/CMakeFiles/CMakeTmp/math.h  -DCHECK_FUNCTION_EXISTS=sincos   -o CMakeFiles/cmTC_16053.dir/CheckFunctionExists.c.o   -c /usr/share/cmake-3.5/Modules/CheckFunctionExists.c
<command-line>:0:23: warning: conflicting types for built-in function ‘sincos’
/usr/share/cmake-3.5/Modules/CheckFunctionExists.c:6:6: note: in expansion of macro ‘CHECK_FUNCTION_EXISTS’
 char CHECK_FUNCTION_EXISTS();
      ^
Linking C executable cmTC_16053
/usr/bin/cmake -E cmake_link_script CMakeFiles/cmTC_16053.dir/link.txt --verbose=1
/usr/bin/cc   -DCHECK_FUNCTION_EXISTS=sincos    CMakeFiles/cmTC_16053.dir/CheckFunctionExists.c.o  -o cmTC_16053 -rdynamic -lm 
make[1]: Leaving directory '/home/liu/Software/mrpt/mrpt/build/CMakeFiles/CMakeTmp'


Determining if the function strtok_r exists passed with the following output:
Change Dir: /home/liu/Software/mrpt/mrpt/build/CMakeFiles/CMakeTmp

Run Build Command:"/usr/bin/make" "cmTC_54488/fast"
/usr/bin/make -f CMakeFiles/cmTC_54488.dir/build.make CMakeFiles/cmTC_54488.dir/build
make[1]: Entering directory '/home/liu/Software/mrpt/mrpt/build/CMakeFiles/CMakeTmp'
Building C object CMakeFiles/cmTC_54488.dir/CheckFunctionExists.c.o
/usr/bin/cc   -I/home/liu/Software/mrpt/mrpt/build/CMakeFiles/CMakeTmp/math.h  -DCHECK_FUNCTION_EXISTS=strtok_r   -o CMakeFiles/cmTC_54488.dir/CheckFunctionExists.c.o   -c /usr/share/cmake-3.5/Modules/CheckFunctionExists.c
Linking C executable cmTC_54488
/usr/bin/cmake -E cmake_link_script CMakeFiles/cmTC_54488.dir/link.txt --verbose=1
/usr/bin/cc   -DCHECK_FUNCTION_EXISTS=strtok_r    CMakeFiles/cmTC_54488.dir/CheckFunctionExists.c.o  -o cmTC_54488 -rdynamic -lm 
make[1]: Leaving directory '/home/liu/Software/mrpt/mrpt/build/CMakeFiles/CMakeTmp'


Determining if the include file alloca.h exists passed with the following output:
Change Dir: /home/liu/Software/mrpt/mrpt/build/CMakeFiles/CMakeTmp

Run Build Command:"/usr/bin/make" "cmTC_15798/fast"
/usr/bin/make -f CMakeFiles/cmTC_15798.dir/build.make CMakeFiles/cmTC_15798.dir/build
make[1]: Entering directory '/home/liu/Software/mrpt/mrpt/build/CMakeFiles/CMakeTmp'
Building C object CMakeFiles/cmTC_15798.dir/CheckIncludeFile.c.o
/usr/bin/cc   -I/home/liu/Software/mrpt/mrpt/build/CMakeFiles/CMakeTmp/math.h   -o CMakeFiles/cmTC_15798.dir/CheckIncludeFile.c.o   -c /home/liu/Software/mrpt/mrpt/build/CMakeFiles/CMakeTmp/CheckIncludeFile.c
Linking C executable cmTC_15798
/usr/bin/cmake -E cmake_link_script CMakeFiles/cmTC_15798.dir/link.txt --verbose=1
/usr/bin/cc       CMakeFiles/cmTC_15798.dir/CheckIncludeFile.c.o  -o cmTC_15798 -rdynamic 
make[1]: Leaving directory '/home/liu/Software/mrpt/mrpt/build/CMakeFiles/CMakeTmp'


Determining if the include file linux/serial.h exists passed with the following output:
Change Dir: /home/liu/Software/mrpt/mrpt/build/CMakeFiles/CMakeTmp

Run Build Command:"/usr/bin/make" "cmTC_d9622/fast"
/usr/bin/make -f CMakeFiles/cmTC_d9622.dir/build.make CMakeFiles/cmTC_d9622.dir/build
make[1]: Entering directory '/home/liu/Software/mrpt/mrpt/build/CMakeFiles/CMakeTmp'
Building C object CMakeFiles/cmTC_d9622.dir/CheckIncludeFile.c.o
/usr/bin/cc   -I/home/liu/Software/mrpt/mrpt/build/CMakeFiles/CMakeTmp/math.h   -o CMakeFiles/cmTC_d9622.dir/CheckIncludeFile.c.o   -c /home/liu/Software/mrpt/mrpt/build/CMakeFiles/CMakeTmp/CheckIncludeFile.c
Linking C executable cmTC_d9622
/usr/bin/cmake -E cmake_link_script CMakeFiles/cmTC_d9622.dir/link.txt --verbose=1
/usr/bin/cc       CMakeFiles/cmTC_d9622.dir/CheckIncludeFile.c.o  -o cmTC_d9622 -rdynamic 
make[1]: Leaving directory '/home/liu/Software/mrpt/mrpt/build/CMakeFiles/CMakeTmp'


Determining if the include file linux/input.h exists passed with the following output:
Change Dir: /home/liu/Software/mrpt/mrpt/build/CMakeFiles/CMakeTmp

Run Build Command:"/usr/bin/make" "cmTC_cc36a/fast"
/usr/bin/make -f CMakeFiles/cmTC_cc36a.dir/build.make CMakeFiles/cmTC_cc36a.dir/build
make[1]: Entering directory '/home/liu/Software/mrpt/mrpt/build/CMakeFiles/CMakeTmp'
Building C object CMakeFiles/cmTC_cc36a.dir/CheckIncludeFile.c.o
/usr/bin/cc   -I/home/liu/Software/mrpt/mrpt/build/CMakeFiles/CMakeTmp/math.h   -o CMakeFiles/cmTC_cc36a.dir/CheckIncludeFile.c.o   -c /home/liu/Software/mrpt/mrpt/build/CMakeFiles/CMakeTmp/CheckIncludeFile.c
Linking C executable cmTC_cc36a
/usr/bin/cmake -E cmake_link_script CMakeFiles/cmTC_cc36a.dir/link.txt --verbose=1
/usr/bin/cc       CMakeFiles/cmTC_cc36a.dir/CheckIncludeFile.c.o  -o cmTC_cc36a -rdynamic 
make[1]: Leaving directory '/home/liu/Software/mrpt/mrpt/build/CMakeFiles/CMakeTmp'


Determining if the include file malloc.h exists passed with the following output:
Change Dir: /home/liu/Software/mrpt/mrpt/build/CMakeFiles/CMakeTmp

Run Build Command:"/usr/bin/make" "cmTC_5d1ed/fast"
/usr/bin/make -f CMakeFiles/cmTC_5d1ed.dir/build.make CMakeFiles/cmTC_5d1ed.dir/build
make[1]: Entering directory '/home/liu/Software/mrpt/mrpt/build/CMakeFiles/CMakeTmp'
Building C object CMakeFiles/cmTC_5d1ed.dir/CheckIncludeFile.c.o
/usr/bin/cc   -I/home/liu/Software/mrpt/mrpt/build/CMakeFiles/CMakeTmp/math.h   -o CMakeFiles/cmTC_5d1ed.dir/CheckIncludeFile.c.o   -c /home/liu/Software/mrpt/mrpt/build/CMakeFiles/CMakeTmp/CheckIncludeFile.c
Linking C executable cmTC_5d1ed
/usr/bin/cmake -E cmake_link_script CMakeFiles/cmTC_5d1ed.dir/link.txt --verbose=1
/usr/bin/cc       CMakeFiles/cmTC_5d1ed.dir/CheckIncludeFile.c.o  -o cmTC_5d1ed -rdynamic 
make[1]: Leaving directory '/home/liu/Software/mrpt/mrpt/build/CMakeFiles/CMakeTmp'


Determining if the include file stdint.h exists passed with the following output:
Change Dir: /home/liu/Software/mrpt/mrpt/build/CMakeFiles/CMakeTmp

Run Build Command:"/usr/bin/make" "cmTC_edf31/fast"
/usr/bin/make -f CMakeFiles/cmTC_edf31.dir/build.make CMakeFiles/cmTC_edf31.dir/build
make[1]: Entering directory '/home/liu/Software/mrpt/mrpt/build/CMakeFiles/CMakeTmp'
Building C object CMakeFiles/cmTC_edf31.dir/CheckIncludeFile.c.o
/usr/bin/cc   -I/home/liu/Software/mrpt/mrpt/build/CMakeFiles/CMakeTmp/math.h   -o CMakeFiles/cmTC_edf31.dir/CheckIncludeFile.c.o   -c /home/liu/Software/mrpt/mrpt/build/CMakeFiles/CMakeTmp/CheckIncludeFile.c
Linking C executable cmTC_edf31
/usr/bin/cmake -E cmake_link_script CMakeFiles/cmTC_edf31.dir/link.txt --verbose=1
/usr/bin/cc       CMakeFiles/cmTC_edf31.dir/CheckIncludeFile.c.o  -o cmTC_edf31 -rdynamic 
make[1]: Leaving directory '/home/liu/Software/mrpt/mrpt/build/CMakeFiles/CMakeTmp'


Determining if the include file inttypes.h exists passed with the following output:
Change Dir: /home/liu/Software/mrpt/mrpt/build/CMakeFiles/CMakeTmp

Run Build Command:"/usr/bin/make" "cmTC_5cf00/fast"
/usr/bin/make -f CMakeFiles/cmTC_5cf00.dir/build.make CMakeFiles/cmTC_5cf00.dir/build
make[1]: Entering directory '/home/liu/Software/mrpt/mrpt/build/CMakeFiles/CMakeTmp'
Building C object CMakeFiles/cmTC_5cf00.dir/CheckIncludeFile.c.o
/usr/bin/cc   -I/home/liu/Software/mrpt/mrpt/build/CMakeFiles/CMakeTmp/math.h   -o CMakeFiles/cmTC_5cf00.dir/CheckIncludeFile.c.o   -c /home/liu/Software/mrpt/mrpt/build/CMakeFiles/CMakeTmp/CheckIncludeFile.c
Linking C executable cmTC_5cf00
/usr/bin/cmake -E cmake_link_script CMakeFiles/cmTC_5cf00.dir/link.txt --verbose=1
/usr/bin/cc       CMakeFiles/cmTC_5cf00.dir/CheckIncludeFile.c.o  -o cmTC_5cf00 -rdynamic 
make[1]: Leaving directory '/home/liu/Software/mrpt/mrpt/build/CMakeFiles/CMakeTmp'


Determining if the include file sys/types.h exists passed with the following output:
Change Dir: /home/liu/Software/mrpt/mrpt/build/CMakeFiles/CMakeTmp

Run Build Command:"/usr/bin/make" "cmTC_fabcc/fast"
/usr/bin/make -f CMakeFiles/cmTC_fabcc.dir/build.make CMakeFiles/cmTC_fabcc.dir/build
make[1]: Entering directory '/home/liu/Software/mrpt/mrpt/build/CMakeFiles/CMakeTmp'
Building C object CMakeFiles/cmTC_fabcc.dir/CheckIncludeFile.c.o
/usr/bin/cc   -I/home/liu/Software/mrpt/mrpt/build/CMakeFiles/CMakeTmp/math.h   -o CMakeFiles/cmTC_fabcc.dir/CheckIncludeFile.c.o   -c /home/liu/Software/mrpt/mrpt/build/CMakeFiles/CMakeTmp/CheckIncludeFile.c
Linking C executable cmTC_fabcc
/usr/bin/cmake -E cmake_link_script CMakeFiles/cmTC_fabcc.dir/link.txt --verbose=1
/usr/bin/cc       CMakeFiles/cmTC_fabcc.dir/CheckIncludeFile.c.o  -o cmTC_fabcc -rdynamic 
make[1]: Leaving directory '/home/liu/Software/mrpt/mrpt/build/CMakeFiles/CMakeTmp'


Determining if the include file stddef.h exists passed with the following output:
Change Dir: /home/liu/Software/mrpt/mrpt/build/CMakeFiles/CMakeTmp

Run Build Command:"/usr/bin/make" "cmTC_5d1a6/fast"
/usr/bin/make -f CMakeFiles/cmTC_5d1a6.dir/build.make CMakeFiles/cmTC_5d1a6.dir/build
make[1]: Entering directory '/home/liu/Software/mrpt/mrpt/build/CMakeFiles/CMakeTmp'
Building C object CMakeFiles/cmTC_5d1a6.dir/CheckIncludeFile.c.o
/usr/bin/cc   -I/home/liu/Software/mrpt/mrpt/build/CMakeFiles/CMakeTmp/math.h   -o CMakeFiles/cmTC_5d1a6.dir/CheckIncludeFile.c.o   -c /home/liu/Software/mrpt/mrpt/build/CMakeFiles/CMakeTmp/CheckIncludeFile.c
Linking C executable cmTC_5d1a6
/usr/bin/cmake -E cmake_link_script CMakeFiles/cmTC_5d1a6.dir/link.txt --verbose=1
/usr/bin/cc       CMakeFiles/cmTC_5d1a6.dir/CheckIncludeFile.c.o  -o cmTC_5d1a6 -rdynamic 
make[1]: Leaving directory '/home/liu/Software/mrpt/mrpt/build/CMakeFiles/CMakeTmp'


Determining size of long double passed with the following output:
Change Dir: /home/liu/Software/mrpt/mrpt/build/CMakeFiles/CMakeTmp

Run Build Command:"/usr/bin/make" "cmTC_d86ef/fast"
/usr/bin/make -f CMakeFiles/cmTC_d86ef.dir/build.make CMakeFiles/cmTC_d86ef.dir/build
make[1]: Entering directory '/home/liu/Software/mrpt/mrpt/build/CMakeFiles/CMakeTmp'
Building C object CMakeFiles/cmTC_d86ef.dir/HAVE_LONG_DOUBLE.c.o
/usr/bin/cc   -I/home/liu/Software/mrpt/mrpt/build/CMakeFiles/CMakeTmp/math.h   -o CMakeFiles/cmTC_d86ef.dir/HAVE_LONG_DOUBLE.c.o   -c /home/liu/Software/mrpt/mrpt/build/CMakeFiles/CheckTypeSize/HAVE_LONG_DOUBLE.c
Linking C executable cmTC_d86ef
/usr/bin/cmake -E cmake_link_script CMakeFiles/cmTC_d86ef.dir/link.txt --verbose=1
/usr/bin/cc       CMakeFiles/cmTC_d86ef.dir/HAVE_LONG_DOUBLE.c.o  -o cmTC_d86ef -rdynamic -lm 
make[1]: Leaving directory '/home/liu/Software/mrpt/mrpt/build/CMakeFiles/CMakeTmp'


Determining size of unsigned short passed with the following output:
Change Dir: /home/liu/Software/mrpt/mrpt/build/CMakeFiles/CMakeTmp

Run Build Command:"/usr/bin/make" "cmTC_906a3/fast"
/usr/bin/make -f CMakeFiles/cmTC_906a3.dir/build.make CMakeFiles/cmTC_906a3.dir/build
make[1]: Entering directory '/home/liu/Software/mrpt/mrpt/build/CMakeFiles/CMakeTmp'
Building C object CMakeFiles/cmTC_906a3.dir/CMAKE_SIZEOF_UNSIGNED_SHORT.c.o
/usr/bin/cc   -I/home/liu/Software/mrpt/mrpt/build/CMakeFiles/CMakeTmp/math.h   -o CMakeFiles/cmTC_906a3.dir/CMAKE_SIZEOF_UNSIGNED_SHORT.c.o   -c /home/liu/Software/mrpt/mrpt/build/CMakeFiles/CheckTypeSize/CMAKE_SIZEOF_UNSIGNED_SHORT.c
Linking C executable cmTC_906a3
/usr/bin/cmake -E cmake_link_script CMakeFiles/cmTC_906a3.dir/link.txt --verbose=1
/usr/bin/cc       CMakeFiles/cmTC_906a3.dir/CMAKE_SIZEOF_UNSIGNED_SHORT.c.o  -o cmTC_906a3 -rdynamic -lm 
make[1]: Leaving directory '/home/liu/Software/mrpt/mrpt/build/CMakeFiles/CMakeTmp'


Determining if the include file pthread.h exists passed with the following output:
Change Dir: /home/liu/Software/mrpt/mrpt/build/CMakeFiles/CMakeTmp

Run Build Command:"/usr/bin/make" "cmTC_bfe96/fast"
/usr/bin/make -f CMakeFiles/cmTC_bfe96.dir/build.make CMakeFiles/cmTC_bfe96.dir/build
make[1]: Entering directory '/home/liu/Software/mrpt/mrpt/build/CMakeFiles/CMakeTmp'
Building C object CMakeFiles/cmTC_bfe96.dir/CheckIncludeFile.c.o
/usr/bin/cc   -I/home/liu/Software/mrpt/mrpt/build/CMakeFiles/CMakeTmp/math.h   -o CMakeFiles/cmTC_bfe96.dir/CheckIncludeFile.c.o   -c /home/liu/Software/mrpt/mrpt/build/CMakeFiles/CMakeTmp/CheckIncludeFile.c
Linking C executable cmTC_bfe96
/usr/bin/cmake -E cmake_link_script CMakeFiles/cmTC_bfe96.dir/link.txt --verbose=1
/usr/bin/cc       CMakeFiles/cmTC_bfe96.dir/CheckIncludeFile.c.o  -o cmTC_bfe96 -rdynamic 
make[1]: Leaving directory '/home/liu/Software/mrpt/mrpt/build/CMakeFiles/CMakeTmp'


Performing C SOURCE FILE Test PCAP_LINKS_SOLO succeeded with the following output:
Change Dir: /home/liu/Software/mrpt/mrpt/build/CMakeFiles/CMakeTmp

Run Build Command:"/usr/bin/make" "cmTC_aab46/fast"
/usr/bin/make -f CMakeFiles/cmTC_aab46.dir/build.make CMakeFiles/cmTC_aab46.dir/build
make[1]: Entering directory '/home/liu/Software/mrpt/mrpt/build/CMakeFiles/CMakeTmp'
Building C object CMakeFiles/cmTC_aab46.dir/src.c.o
/usr/bin/cc   -I/home/liu/Software/mrpt/mrpt/build/CMakeFiles/CMakeTmp/math.h  -I /usr/include/wx-3.0 -I /usr/lib/x86_64-linux-gnu/wx/include/gtk2-unicode-3.0  -DPCAP_LINKS_SOLO   -o CMakeFiles/cmTC_aab46.dir/src.c.o   -c /home/liu/Software/mrpt/mrpt/build/CMakeFiles/CMakeTmp/src.c
Linking C executable cmTC_aab46
/usr/bin/cmake -E cmake_link_script CMakeFiles/cmTC_aab46.dir/link.txt --verbose=1
/usr/bin/cc  -I /usr/include/wx-3.0 -I /usr/lib/x86_64-linux-gnu/wx/include/gtk2-unicode-3.0  -DPCAP_LINKS_SOLO     CMakeFiles/cmTC_aab46.dir/src.c.o  -o cmTC_aab46 -rdynamic 
make[1]: Leaving directory '/home/liu/Software/mrpt/mrpt/build/CMakeFiles/CMakeTmp'

Source file was:
int main() { return 0; }
